<?xml version="1.0" encoding="UTF-8"?>
<testsuite name="Tests" tests="2" skipped="0" failures="0" errors="0" timestamp="2021-03-23T20:38:26" hostname="DIDO-ASUS" time="0.806">
  <properties/>
  <testcase name="testCar" classname="Tests" time="0.002"/>
  <testcase name="testRacer" classname="Tests" time="0.803"/>
  <system-out><![CDATA[inside Tesla thread
Charging
Car: Tesla
Charging
Car: Tesla
Charging
Car: Tesla
]]></system-out>
  <system-err><![CDATA[]]></system-err>
</testsuite>
